INFO:apscheduler.scheduler:Adding job tentatively -- it will be properly scheduled when the scheduler starts
2023-06-18 21:56:29,448 - INFO - Adding job tentatively -- it will be properly scheduled when the scheduler starts
INFO:apscheduler.scheduler:Adding job tentatively -- it will be properly scheduled when the scheduler starts
2023-06-18 21:56:29,448 - INFO - Adding job tentatively -- it will be properly scheduled when the scheduler starts
INFO:apscheduler.scheduler:Adding job tentatively -- it will be properly scheduled when the scheduler starts
2023-06-18 21:56:29,448 - INFO - Adding job tentatively -- it will be properly scheduled when the scheduler starts
INFO:apscheduler.scheduler:Added job "send_game_question" to job store "default"
2023-06-18 21:56:29,451 - INFO - Added job "send_game_question" to job store "default"
INFO:apscheduler.scheduler:Added job "send_coffee_pairs" to job store "default"
2023-06-18 21:56:29,451 - INFO - Added job "send_coffee_pairs" to job store "default"
INFO:apscheduler.scheduler:Added job "send_survey" to job store "default"
2023-06-18 21:56:29,451 - INFO - Added job "send_survey" to job store "default"
INFO:apscheduler.scheduler:Scheduler started
2023-06-18 21:56:29,451 - INFO - Scheduler started
INFO:aiogram:Bot: Random Coffee (Syssoft) [@syssoft_random_coffee_bot]
2023-06-18 21:56:29,726 - INFO - Bot: Random Coffee (Syssoft) [@syssoft_random_coffee_bot]
WARNING:aiogram:Updates were skipped successfully.
2023-06-18 21:56:29,866 - WARNING - Updates were skipped successfully.
INFO:aiogram.dispatcher.dispatcher:Start polling.
2023-06-18 21:56:29,866 - INFO - Start polling.
INFO:aiogram.dispatcher.dispatcher:Stop polling...
2023-06-18 22:26:06,472 - INFO - Stop polling...
WARNING:aiogram:Goodbye!
2023-06-18 22:26:06,472 - WARNING - Goodbye!
INFO:apscheduler.scheduler:Adding job tentatively -- it will be properly scheduled when the scheduler starts
2023-06-18 22:26:09,202 - INFO - Adding job tentatively -- it will be properly scheduled when the scheduler starts
INFO:apscheduler.scheduler:Adding job tentatively -- it will be properly scheduled when the scheduler starts
2023-06-18 22:26:09,202 - INFO - Adding job tentatively -- it will be properly scheduled when the scheduler starts
INFO:apscheduler.scheduler:Adding job tentatively -- it will be properly scheduled when the scheduler starts
2023-06-18 22:26:09,202 - INFO - Adding job tentatively -- it will be properly scheduled when the scheduler starts
INFO:apscheduler.scheduler:Added job "send_game_question" to job store "default"
2023-06-18 22:26:09,202 - INFO - Added job "send_game_question" to job store "default"
INFO:apscheduler.scheduler:Added job "send_coffee_pairs" to job store "default"
2023-06-18 22:26:09,202 - INFO - Added job "send_coffee_pairs" to job store "default"
INFO:apscheduler.scheduler:Added job "send_survey" to job store "default"
2023-06-18 22:26:09,202 - INFO - Added job "send_survey" to job store "default"
INFO:apscheduler.scheduler:Scheduler started
2023-06-18 22:26:09,202 - INFO - Scheduler started
INFO:aiogram:Bot: Random Coffee (Syssoft) [@syssoft_random_coffee_bot]
2023-06-18 22:26:09,468 - INFO - Bot: Random Coffee (Syssoft) [@syssoft_random_coffee_bot]
WARNING:aiogram:Updates were skipped successfully.
2023-06-18 22:26:09,609 - WARNING - Updates were skipped successfully.
INFO:aiogram.dispatcher.dispatcher:Start polling.
2023-06-18 22:26:09,609 - INFO - Start polling.
ERROR:asyncio:Task exception was never retrieved
future: <Task finished name='Task-23' coro=<Dispatcher._process_polling_updates() done, defined at C:\Users\Alexey\random_coffee-main\lib\site-packages\aiogram\dispatcher\dispatcher.py:407> exception=AttributeError("'Bot' object has no attribute 'wait_for'")>
Traceback (most recent call last):
  File "C:\Users\Alexey\random_coffee-main\lib\site-packages\aiogram\dispatcher\dispatcher.py", line 415, in _process_polling_updates
    for responses in itertools.chain.from_iterable(await self.process_updates(updates, fast)):
  File "C:\Users\Alexey\random_coffee-main\lib\site-packages\aiogram\dispatcher\dispatcher.py", line 235, in process_updates
    return await asyncio.gather(*tasks)
  File "C:\Users\Alexey\random_coffee-main\lib\site-packages\aiogram\dispatcher\handler.py", line 117, in notify
    response = await handler_obj.handler(*args, **partial_data)
  File "C:\Users\Alexey\random_coffee-main\lib\site-packages\aiogram\dispatcher\dispatcher.py", line 256, in process_update
    return await self.message_handlers.notify(update.message)
  File "C:\Users\Alexey\random_coffee-main\lib\site-packages\aiogram\dispatcher\handler.py", line 117, in notify
    response = await handler_obj.handler(*args, **partial_data)
  File "E:\Pyton\syssoft_random_coffee\main.py", line 177, in process_code
    message = await bot.wait_for('message', filters=filters.Regexp(r"^\d{6}$"))
AttributeError: 'Bot' object has no attribute 'wait_for'
2023-06-18 22:28:20,979 - ERROR - Task exception was never retrieved
future: <Task finished name='Task-23' coro=<Dispatcher._process_polling_updates() done, defined at C:\Users\Alexey\random_coffee-main\lib\site-packages\aiogram\dispatcher\dispatcher.py:407> exception=AttributeError("'Bot' object has no attribute 'wait_for'")>
Traceback (most recent call last):
  File "C:\Users\Alexey\random_coffee-main\lib\site-packages\aiogram\dispatcher\dispatcher.py", line 415, in _process_polling_updates
    for responses in itertools.chain.from_iterable(await self.process_updates(updates, fast)):
  File "C:\Users\Alexey\random_coffee-main\lib\site-packages\aiogram\dispatcher\dispatcher.py", line 235, in process_updates
    return await asyncio.gather(*tasks)
  File "C:\Users\Alexey\random_coffee-main\lib\site-packages\aiogram\dispatcher\handler.py", line 117, in notify
    response = await handler_obj.handler(*args, **partial_data)
  File "C:\Users\Alexey\random_coffee-main\lib\site-packages\aiogram\dispatcher\dispatcher.py", line 256, in process_update
    return await self.message_handlers.notify(update.message)
  File "C:\Users\Alexey\random_coffee-main\lib\site-packages\aiogram\dispatcher\handler.py", line 117, in notify
    response = await handler_obj.handler(*args, **partial_data)
  File "E:\Pyton\syssoft_random_coffee\main.py", line 177, in process_code
    message = await bot.wait_for('message', filters=filters.Regexp(r"^\d{6}$"))
AttributeError: 'Bot' object has no attribute 'wait_for'
INFO:aiogram.dispatcher.dispatcher:Stop polling...
2023-06-18 22:32:42,808 - INFO - Stop polling...
WARNING:aiogram:Goodbye!
2023-06-18 22:32:42,808 - WARNING - Goodbye!
INFO:apscheduler.scheduler:Adding job tentatively -- it will be properly scheduled when the scheduler starts
2023-06-18 22:32:44,206 - INFO - Adding job tentatively -- it will be properly scheduled when the scheduler starts
INFO:apscheduler.scheduler:Adding job tentatively -- it will be properly scheduled when the scheduler starts
2023-06-18 22:32:44,206 - INFO - Adding job tentatively -- it will be properly scheduled when the scheduler starts
INFO:apscheduler.scheduler:Adding job tentatively -- it will be properly scheduled when the scheduler starts
2023-06-18 22:32:44,206 - INFO - Adding job tentatively -- it will be properly scheduled when the scheduler starts
INFO:apscheduler.scheduler:Added job "send_game_question" to job store "default"
2023-06-18 22:32:44,206 - INFO - Added job "send_game_question" to job store "default"
INFO:apscheduler.scheduler:Added job "send_coffee_pairs" to job store "default"
2023-06-18 22:32:44,222 - INFO - Added job "send_coffee_pairs" to job store "default"
INFO:apscheduler.scheduler:Added job "send_survey" to job store "default"
2023-06-18 22:32:44,222 - INFO - Added job "send_survey" to job store "default"
INFO:apscheduler.scheduler:Scheduler started
2023-06-18 22:32:44,222 - INFO - Scheduler started
INFO:aiogram:Bot: Random Coffee (Syssoft) [@syssoft_random_coffee_bot]
2023-06-18 22:32:44,456 - INFO - Bot: Random Coffee (Syssoft) [@syssoft_random_coffee_bot]
WARNING:aiogram:Updates were skipped successfully.
2023-06-18 22:32:44,597 - WARNING - Updates were skipped successfully.
INFO:aiogram.dispatcher.dispatcher:Start polling.
2023-06-18 22:32:44,597 - INFO - Start polling.
INFO:aiogram.dispatcher.dispatcher:Stop polling...
2023-06-18 22:32:53,901 - INFO - Stop polling...
WARNING:aiogram:Goodbye!
2023-06-18 22:32:53,901 - WARNING - Goodbye!
INFO:apscheduler.scheduler:Adding job tentatively -- it will be properly scheduled when the scheduler starts
2023-06-18 22:33:55,897 - INFO - Adding job tentatively -- it will be properly scheduled when the scheduler starts
INFO:apscheduler.scheduler:Adding job tentatively -- it will be properly scheduled when the scheduler starts
2023-06-18 22:33:55,897 - INFO - Adding job tentatively -- it will be properly scheduled when the scheduler starts
INFO:apscheduler.scheduler:Adding job tentatively -- it will be properly scheduled when the scheduler starts
2023-06-18 22:33:55,897 - INFO - Adding job tentatively -- it will be properly scheduled when the scheduler starts
INFO:apscheduler.scheduler:Added job "send_game_question" to job store "default"
2023-06-18 22:33:55,897 - INFO - Added job "send_game_question" to job store "default"
INFO:apscheduler.scheduler:Added job "send_coffee_pairs" to job store "default"
2023-06-18 22:33:55,897 - INFO - Added job "send_coffee_pairs" to job store "default"
INFO:apscheduler.scheduler:Added job "send_survey" to job store "default"
2023-06-18 22:33:55,897 - INFO - Added job "send_survey" to job store "default"
INFO:apscheduler.scheduler:Scheduler started
2023-06-18 22:33:55,897 - INFO - Scheduler started
INFO:aiogram:Bot: Random Coffee (Syssoft) [@syssoft_random_coffee_bot]
2023-06-18 22:33:56,100 - INFO - Bot: Random Coffee (Syssoft) [@syssoft_random_coffee_bot]
WARNING:aiogram:Updates were skipped successfully.
2023-06-18 22:33:56,241 - WARNING - Updates were skipped successfully.
INFO:aiogram.dispatcher.dispatcher:Start polling.
2023-06-18 22:33:56,241 - INFO - Start polling.
INFO:apscheduler.executors.default:Running job "send_game_question (trigger: cron[day_of_week='sun', hour='22', minute='34'], next run at: 2023-06-25 22:34:00 MSK)" (scheduled at 2023-06-18 22:34:00+03:00)
2023-06-18 22:34:00,007 - INFO - Running job "send_game_question (trigger: cron[day_of_week='sun', hour='22', minute='34'], next run at: 2023-06-25 22:34:00 MSK)" (scheduled at 2023-06-18 22:34:00+03:00)
INFO:apscheduler.executors.default:Job "send_game_question (trigger: cron[day_of_week='sun', hour='22', minute='34'], next run at: 2023-06-25 22:34:00 MSK)" executed successfully
2023-06-18 22:34:00,289 - INFO - Job "send_game_question (trigger: cron[day_of_week='sun', hour='22', minute='34'], next run at: 2023-06-25 22:34:00 MSK)" executed successfully
INFO:apscheduler.executors.default:Running job "send_coffee_pairs (trigger: cron[day_of_week='sun', hour='22', minute='35'], next run at: 2023-06-25 22:35:00 MSK)" (scheduled at 2023-06-18 22:35:00+03:00)
2023-06-18 22:35:00,005 - INFO - Running job "send_coffee_pairs (trigger: cron[day_of_week='sun', hour='22', minute='35'], next run at: 2023-06-25 22:35:00 MSK)" (scheduled at 2023-06-18 22:35:00+03:00)
INFO:apscheduler.executors.default:Job "send_coffee_pairs (trigger: cron[day_of_week='sun', hour='22', minute='35'], next run at: 2023-06-25 22:35:00 MSK)" executed successfully
2023-06-18 22:35:00,005 - INFO - Job "send_coffee_pairs (trigger: cron[day_of_week='sun', hour='22', minute='35'], next run at: 2023-06-25 22:35:00 MSK)" executed successfully
INFO:apscheduler.executors.default:Running job "send_survey (trigger: cron[day_of_week='sun', hour='22', minute='36'], next run at: 2023-06-25 22:36:00 MSK)" (scheduled at 2023-06-18 22:36:00+03:00)
2023-06-18 22:36:00,002 - INFO - Running job "send_survey (trigger: cron[day_of_week='sun', hour='22', minute='36'], next run at: 2023-06-25 22:36:00 MSK)" (scheduled at 2023-06-18 22:36:00+03:00)
INFO:apscheduler.executors.default:Job "send_survey (trigger: cron[day_of_week='sun', hour='22', minute='36'], next run at: 2023-06-25 22:36:00 MSK)" executed successfully
2023-06-18 22:36:00,531 - INFO - Job "send_survey (trigger: cron[day_of_week='sun', hour='22', minute='36'], next run at: 2023-06-25 22:36:00 MSK)" executed successfully
INFO:aiogram.dispatcher.dispatcher:Stop polling...
2023-06-18 22:46:38,837 - INFO - Stop polling...
WARNING:aiogram:Goodbye!
2023-06-18 22:46:38,837 - WARNING - Goodbye!
INFO:apscheduler.scheduler:Adding job tentatively -- it will be properly scheduled when the scheduler starts
2023-06-18 22:46:40,771 - INFO - Adding job tentatively -- it will be properly scheduled when the scheduler starts
INFO:apscheduler.scheduler:Adding job tentatively -- it will be properly scheduled when the scheduler starts
2023-06-18 22:46:40,771 - INFO - Adding job tentatively -- it will be properly scheduled when the scheduler starts
INFO:apscheduler.scheduler:Adding job tentatively -- it will be properly scheduled when the scheduler starts
2023-06-18 22:46:40,771 - INFO - Adding job tentatively -- it will be properly scheduled when the scheduler starts
INFO:apscheduler.scheduler:Added job "send_game_question" to job store "default"
2023-06-18 22:46:40,771 - INFO - Added job "send_game_question" to job store "default"
INFO:apscheduler.scheduler:Added job "send_coffee_pairs" to job store "default"
2023-06-18 22:46:40,771 - INFO - Added job "send_coffee_pairs" to job store "default"
INFO:apscheduler.scheduler:Added job "send_survey" to job store "default"
2023-06-18 22:46:40,771 - INFO - Added job "send_survey" to job store "default"
INFO:apscheduler.scheduler:Scheduler started
2023-06-18 22:46:40,771 - INFO - Scheduler started
INFO:aiogram:Bot: Random Coffee (Syssoft) [@syssoft_random_coffee_bot]
2023-06-18 22:46:41,021 - INFO - Bot: Random Coffee (Syssoft) [@syssoft_random_coffee_bot]
WARNING:aiogram:Updates were skipped successfully.
2023-06-18 22:46:41,177 - WARNING - Updates were skipped successfully.
INFO:aiogram.dispatcher.dispatcher:Start polling.
2023-06-18 22:46:41,177 - INFO - Start polling.
INFO:apscheduler.executors.default:Running job "send_coffee_pairs (trigger: cron[day_of_week='sun', hour='22', minute='47'], next run at: 2023-06-25 22:47:00 MSK)" (scheduled at 2023-06-18 22:47:00+03:00)
2023-06-18 22:47:00,014 - INFO - Running job "send_coffee_pairs (trigger: cron[day_of_week='sun', hour='22', minute='47'], next run at: 2023-06-25 22:47:00 MSK)" (scheduled at 2023-06-18 22:47:00+03:00)
INFO:apscheduler.executors.default:Job "send_coffee_pairs (trigger: cron[day_of_week='sun', hour='22', minute='47'], next run at: 2023-06-25 22:47:00 MSK)" executed successfully
2023-06-18 22:47:00,533 - INFO - Job "send_coffee_pairs (trigger: cron[day_of_week='sun', hour='22', minute='47'], next run at: 2023-06-25 22:47:00 MSK)" executed successfully
INFO:aiogram.dispatcher.dispatcher:Stop polling...
2023-06-18 22:56:21,309 - INFO - Stop polling...
WARNING:aiogram:Goodbye!
2023-06-18 22:56:21,309 - WARNING - Goodbye!
INFO:apscheduler.scheduler:Adding job tentatively -- it will be properly scheduled when the scheduler starts
2023-06-18 22:56:23,090 - INFO - Adding job tentatively -- it will be properly scheduled when the scheduler starts
INFO:apscheduler.scheduler:Adding job tentatively -- it will be properly scheduled when the scheduler starts
2023-06-18 22:56:23,090 - INFO - Adding job tentatively -- it will be properly scheduled when the scheduler starts
INFO:apscheduler.scheduler:Adding job tentatively -- it will be properly scheduled when the scheduler starts
2023-06-18 22:56:23,090 - INFO - Adding job tentatively -- it will be properly scheduled when the scheduler starts
INFO:apscheduler.scheduler:Added job "send_game_question" to job store "default"
2023-06-18 22:56:23,090 - INFO - Added job "send_game_question" to job store "default"
INFO:apscheduler.scheduler:Added job "send_coffee_pairs" to job store "default"
2023-06-18 22:56:23,090 - INFO - Added job "send_coffee_pairs" to job store "default"
INFO:apscheduler.scheduler:Added job "send_survey" to job store "default"
2023-06-18 22:56:23,090 - INFO - Added job "send_survey" to job store "default"
INFO:apscheduler.scheduler:Scheduler started
2023-06-18 22:56:23,090 - INFO - Scheduler started
INFO:aiogram:Bot: Random Coffee (Syssoft) [@syssoft_random_coffee_bot]
2023-06-18 22:56:23,340 - INFO - Bot: Random Coffee (Syssoft) [@syssoft_random_coffee_bot]
WARNING:aiogram:Updates were skipped successfully.
2023-06-18 22:56:23,481 - WARNING - Updates were skipped successfully.
INFO:aiogram.dispatcher.dispatcher:Start polling.
2023-06-18 22:56:23,481 - INFO - Start polling.
INFO:apscheduler.executors.default:Running job "send_survey (trigger: cron[day_of_week='sun', hour='22', minute='57'], next run at: 2023-06-25 22:57:00 MSK)" (scheduled at 2023-06-18 22:57:00+03:00)
2023-06-18 22:57:00,017 - INFO - Running job "send_survey (trigger: cron[day_of_week='sun', hour='22', minute='57'], next run at: 2023-06-25 22:57:00 MSK)" (scheduled at 2023-06-18 22:57:00+03:00)
INFO:apscheduler.executors.default:Job "send_survey (trigger: cron[day_of_week='sun', hour='22', minute='57'], next run at: 2023-06-25 22:57:00 MSK)" executed successfully
2023-06-18 22:57:00,811 - INFO - Job "send_survey (trigger: cron[day_of_week='sun', hour='22', minute='57'], next run at: 2023-06-25 22:57:00 MSK)" executed successfully
INFO:aiogram.dispatcher.dispatcher:Stop polling...
2023-06-18 23:11:08,229 - INFO - Stop polling...
WARNING:aiogram:Goodbye!
2023-06-18 23:11:08,229 - WARNING - Goodbye!
INFO:apscheduler.scheduler:Adding job tentatively -- it will be properly scheduled when the scheduler starts
2023-06-18 23:11:09,578 - INFO - Adding job tentatively -- it will be properly scheduled when the scheduler starts
INFO:apscheduler.scheduler:Adding job tentatively -- it will be properly scheduled when the scheduler starts
2023-06-18 23:11:09,578 - INFO - Adding job tentatively -- it will be properly scheduled when the scheduler starts
INFO:apscheduler.scheduler:Adding job tentatively -- it will be properly scheduled when the scheduler starts
2023-06-18 23:11:09,578 - INFO - Adding job tentatively -- it will be properly scheduled when the scheduler starts
INFO:apscheduler.scheduler:Added job "send_game_question" to job store "default"
2023-06-18 23:11:09,594 - INFO - Added job "send_game_question" to job store "default"
INFO:apscheduler.scheduler:Added job "send_coffee_pairs" to job store "default"
2023-06-18 23:11:09,594 - INFO - Added job "send_coffee_pairs" to job store "default"
INFO:apscheduler.scheduler:Added job "send_survey" to job store "default"
2023-06-18 23:11:09,594 - INFO - Added job "send_survey" to job store "default"
INFO:apscheduler.scheduler:Scheduler started
2023-06-18 23:11:09,594 - INFO - Scheduler started
INFO:aiogram:Bot: Random Coffee (Syssoft) [@syssoft_random_coffee_bot]
2023-06-18 23:11:09,844 - INFO - Bot: Random Coffee (Syssoft) [@syssoft_random_coffee_bot]
WARNING:aiogram:Updates were skipped successfully.
2023-06-18 23:11:09,984 - WARNING - Updates were skipped successfully.
INFO:aiogram.dispatcher.dispatcher:Start polling.
2023-06-18 23:11:09,984 - INFO - Start polling.
INFO:aiogram.dispatcher.dispatcher:Stop polling...
2023-06-18 23:12:45,409 - INFO - Stop polling...
WARNING:aiogram:Goodbye!
2023-06-18 23:12:45,409 - WARNING - Goodbye!
INFO:apscheduler.scheduler:Adding job tentatively -- it will be properly scheduled when the scheduler starts
2023-06-18 23:12:47,072 - INFO - Adding job tentatively -- it will be properly scheduled when the scheduler starts
INFO:apscheduler.scheduler:Adding job tentatively -- it will be properly scheduled when the scheduler starts
2023-06-18 23:12:47,072 - INFO - Adding job tentatively -- it will be properly scheduled when the scheduler starts
INFO:apscheduler.scheduler:Adding job tentatively -- it will be properly scheduled when the scheduler starts
2023-06-18 23:12:47,072 - INFO - Adding job tentatively -- it will be properly scheduled when the scheduler starts
INFO:apscheduler.scheduler:Added job "send_game_question" to job store "default"
2023-06-18 23:12:47,072 - INFO - Added job "send_game_question" to job store "default"
INFO:apscheduler.scheduler:Added job "send_coffee_pairs" to job store "default"
2023-06-18 23:12:47,072 - INFO - Added job "send_coffee_pairs" to job store "default"
INFO:apscheduler.scheduler:Added job "send_survey" to job store "default"
2023-06-18 23:12:47,072 - INFO - Added job "send_survey" to job store "default"
INFO:apscheduler.scheduler:Scheduler started
2023-06-18 23:12:47,072 - INFO - Scheduler started
INFO:aiogram:Bot: Random Coffee (Syssoft) [@syssoft_random_coffee_bot]
2023-06-18 23:12:47,275 - INFO - Bot: Random Coffee (Syssoft) [@syssoft_random_coffee_bot]
WARNING:aiogram:Updates were skipped successfully.
2023-06-18 23:12:47,415 - WARNING - Updates were skipped successfully.
INFO:aiogram.dispatcher.dispatcher:Start polling.
2023-06-18 23:12:47,415 - INFO - Start polling.
INFO:apscheduler.executors.default:Running job "send_survey (trigger: cron[day_of_week='sun', hour='23', minute='13'], next run at: 2023-06-25 23:13:00 MSK)" (scheduled at 2023-06-18 23:13:00+03:00)
2023-06-18 23:13:00,010 - INFO - Running job "send_survey (trigger: cron[day_of_week='sun', hour='23', minute='13'], next run at: 2023-06-25 23:13:00 MSK)" (scheduled at 2023-06-18 23:13:00+03:00)
INFO:apscheduler.executors.default:Job "send_survey (trigger: cron[day_of_week='sun', hour='23', minute='13'], next run at: 2023-06-25 23:13:00 MSK)" executed successfully
2023-06-18 23:13:00,766 - INFO - Job "send_survey (trigger: cron[day_of_week='sun', hour='23', minute='13'], next run at: 2023-06-25 23:13:00 MSK)" executed successfully
INFO:aiogram.dispatcher.dispatcher:Stop polling...
2023-06-18 23:26:22,260 - INFO - Stop polling...
WARNING:aiogram:Goodbye!
2023-06-18 23:26:22,260 - WARNING - Goodbye!
INFO:apscheduler.scheduler:Adding job tentatively -- it will be properly scheduled when the scheduler starts
2023-06-18 23:26:23,667 - INFO - Adding job tentatively -- it will be properly scheduled when the scheduler starts
INFO:apscheduler.scheduler:Adding job tentatively -- it will be properly scheduled when the scheduler starts
2023-06-18 23:26:23,667 - INFO - Adding job tentatively -- it will be properly scheduled when the scheduler starts
INFO:apscheduler.scheduler:Adding job tentatively -- it will be properly scheduled when the scheduler starts
2023-06-18 23:26:23,667 - INFO - Adding job tentatively -- it will be properly scheduled when the scheduler starts
INFO:apscheduler.scheduler:Added job "send_game_question" to job store "default"
2023-06-18 23:26:23,667 - INFO - Added job "send_game_question" to job store "default"
INFO:apscheduler.scheduler:Added job "send_coffee_pairs" to job store "default"
2023-06-18 23:26:23,667 - INFO - Added job "send_coffee_pairs" to job store "default"
INFO:apscheduler.scheduler:Added job "send_survey" to job store "default"
2023-06-18 23:26:23,667 - INFO - Added job "send_survey" to job store "default"
INFO:apscheduler.scheduler:Scheduler started
2023-06-18 23:26:23,667 - INFO - Scheduler started
INFO:aiogram:Bot: Random Coffee (Syssoft) [@syssoft_random_coffee_bot]
2023-06-18 23:26:23,932 - INFO - Bot: Random Coffee (Syssoft) [@syssoft_random_coffee_bot]
WARNING:aiogram:Updates were skipped successfully.
2023-06-18 23:26:24,073 - WARNING - Updates were skipped successfully.
INFO:aiogram.dispatcher.dispatcher:Start polling.
2023-06-18 23:26:24,073 - INFO - Start polling.
INFO:aiogram.dispatcher.dispatcher:Stop polling...
2023-06-18 23:26:46,349 - INFO - Stop polling...
WARNING:aiogram:Goodbye!
2023-06-18 23:26:46,349 - WARNING - Goodbye!
INFO:apscheduler.scheduler:Adding job tentatively -- it will be properly scheduled when the scheduler starts
2023-06-18 23:27:03,230 - INFO - Adding job tentatively -- it will be properly scheduled when the scheduler starts
INFO:apscheduler.scheduler:Adding job tentatively -- it will be properly scheduled when the scheduler starts
2023-06-18 23:27:03,230 - INFO - Adding job tentatively -- it will be properly scheduled when the scheduler starts
INFO:apscheduler.scheduler:Adding job tentatively -- it will be properly scheduled when the scheduler starts
2023-06-18 23:27:03,230 - INFO - Adding job tentatively -- it will be properly scheduled when the scheduler starts
INFO:apscheduler.scheduler:Added job "send_game_question" to job store "default"
2023-06-18 23:27:03,230 - INFO - Added job "send_game_question" to job store "default"
INFO:apscheduler.scheduler:Added job "send_coffee_pairs" to job store "default"
2023-06-18 23:27:03,230 - INFO - Added job "send_coffee_pairs" to job store "default"
INFO:apscheduler.scheduler:Added job "send_survey" to job store "default"
2023-06-18 23:27:03,230 - INFO - Added job "send_survey" to job store "default"
INFO:apscheduler.scheduler:Scheduler started
2023-06-18 23:27:03,230 - INFO - Scheduler started
INFO:aiogram:Bot: Random Coffee (Syssoft) [@syssoft_random_coffee_bot]
2023-06-18 23:27:03,449 - INFO - Bot: Random Coffee (Syssoft) [@syssoft_random_coffee_bot]
WARNING:aiogram:Updates were skipped successfully.
2023-06-18 23:27:03,589 - WARNING - Updates were skipped successfully.
INFO:aiogram.dispatcher.dispatcher:Start polling.
2023-06-18 23:27:03,589 - INFO - Start polling.
INFO:aiogram.dispatcher.dispatcher:Stop polling...
2023-06-18 23:29:05,976 - INFO - Stop polling...
WARNING:aiogram:Goodbye!
2023-06-18 23:29:05,976 - WARNING - Goodbye!
INFO:apscheduler.scheduler:Adding job tentatively -- it will be properly scheduled when the scheduler starts
2023-06-18 23:29:07,137 - INFO - Adding job tentatively -- it will be properly scheduled when the scheduler starts
INFO:apscheduler.scheduler:Adding job tentatively -- it will be properly scheduled when the scheduler starts
2023-06-18 23:29:07,137 - INFO - Adding job tentatively -- it will be properly scheduled when the scheduler starts
INFO:apscheduler.scheduler:Adding job tentatively -- it will be properly scheduled when the scheduler starts
2023-06-18 23:29:07,137 - INFO - Adding job tentatively -- it will be properly scheduled when the scheduler starts
INFO:apscheduler.scheduler:Added job "send_game_question" to job store "default"
2023-06-18 23:29:07,137 - INFO - Added job "send_game_question" to job store "default"
INFO:apscheduler.scheduler:Added job "send_coffee_pairs" to job store "default"
2023-06-18 23:29:07,137 - INFO - Added job "send_coffee_pairs" to job store "default"
INFO:apscheduler.scheduler:Added job "send_survey" to job store "default"
2023-06-18 23:29:07,137 - INFO - Added job "send_survey" to job store "default"
INFO:apscheduler.scheduler:Scheduler started
2023-06-18 23:29:07,137 - INFO - Scheduler started
INFO:aiogram:Bot: Random Coffee (Syssoft) [@syssoft_random_coffee_bot]
2023-06-18 23:29:07,345 - INFO - Bot: Random Coffee (Syssoft) [@syssoft_random_coffee_bot]
WARNING:aiogram:Updates were skipped successfully.
2023-06-18 23:29:07,486 - WARNING - Updates were skipped successfully.
INFO:aiogram.dispatcher.dispatcher:Start polling.
2023-06-18 23:29:07,486 - INFO - Start polling.
INFO:apscheduler.executors.default:Running job "send_survey (trigger: cron[day_of_week='sun', hour='23', minute='30'], next run at: 2023-06-25 23:30:00 MSK)" (scheduled at 2023-06-18 23:30:00+03:00)
2023-06-18 23:30:00,008 - INFO - Running job "send_survey (trigger: cron[day_of_week='sun', hour='23', minute='30'], next run at: 2023-06-25 23:30:00 MSK)" (scheduled at 2023-06-18 23:30:00+03:00)
INFO:apscheduler.executors.default:Job "send_survey (trigger: cron[day_of_week='sun', hour='23', minute='30'], next run at: 2023-06-25 23:30:00 MSK)" executed successfully
2023-06-18 23:30:00,872 - INFO - Job "send_survey (trigger: cron[day_of_week='sun', hour='23', minute='30'], next run at: 2023-06-25 23:30:00 MSK)" executed successfully
INFO:aiogram.dispatcher.dispatcher:Stop polling...
2023-06-18 23:33:32,236 - INFO - Stop polling...
WARNING:aiogram:Goodbye!
2023-06-18 23:33:32,236 - WARNING - Goodbye!
INFO:apscheduler.scheduler:Adding job tentatively -- it will be properly scheduled when the scheduler starts
2023-06-18 23:33:33,682 - INFO - Adding job tentatively -- it will be properly scheduled when the scheduler starts
INFO:apscheduler.scheduler:Adding job tentatively -- it will be properly scheduled when the scheduler starts
2023-06-18 23:33:33,682 - INFO - Adding job tentatively -- it will be properly scheduled when the scheduler starts
INFO:apscheduler.scheduler:Adding job tentatively -- it will be properly scheduled when the scheduler starts
2023-06-18 23:33:33,682 - INFO - Adding job tentatively -- it will be properly scheduled when the scheduler starts
INFO:apscheduler.scheduler:Adding job tentatively -- it will be properly scheduled when the scheduler starts
2023-06-18 23:33:33,682 - INFO - Adding job tentatively -- it will be properly scheduled when the scheduler starts
INFO:apscheduler.scheduler:Added job "send_game_question" to job store "default"
2023-06-18 23:33:33,682 - INFO - Added job "send_game_question" to job store "default"
INFO:apscheduler.scheduler:Added job "send_coffee_pairs" to job store "default"
2023-06-18 23:33:33,682 - INFO - Added job "send_coffee_pairs" to job store "default"
INFO:apscheduler.scheduler:Added job "send_coffee_pairs" to job store "default"
2023-06-18 23:33:33,682 - INFO - Added job "send_coffee_pairs" to job store "default"
INFO:apscheduler.scheduler:Added job "send_survey" to job store "default"
2023-06-18 23:33:33,682 - INFO - Added job "send_survey" to job store "default"
INFO:apscheduler.scheduler:Scheduler started
2023-06-18 23:33:33,682 - INFO - Scheduler started
INFO:aiogram:Bot: Random Coffee (Syssoft) [@syssoft_random_coffee_bot]
2023-06-18 23:33:33,932 - INFO - Bot: Random Coffee (Syssoft) [@syssoft_random_coffee_bot]
WARNING:aiogram:Updates were skipped successfully.
2023-06-18 23:33:34,104 - WARNING - Updates were skipped successfully.
INFO:aiogram.dispatcher.dispatcher:Start polling.
2023-06-18 23:33:34,104 - INFO - Start polling.
INFO:aiogram.dispatcher.dispatcher:Stop polling...
2023-06-18 23:33:41,971 - INFO - Stop polling...
WARNING:aiogram:Goodbye!
2023-06-18 23:33:41,971 - WARNING - Goodbye!
INFO:apscheduler.scheduler:Adding job tentatively -- it will be properly scheduled when the scheduler starts
2023-06-18 23:33:43,055 - INFO - Adding job tentatively -- it will be properly scheduled when the scheduler starts
INFO:apscheduler.scheduler:Adding job tentatively -- it will be properly scheduled when the scheduler starts
2023-06-18 23:33:43,070 - INFO - Adding job tentatively -- it will be properly scheduled when the scheduler starts
INFO:apscheduler.scheduler:Adding job tentatively -- it will be properly scheduled when the scheduler starts
2023-06-18 23:33:43,070 - INFO - Adding job tentatively -- it will be properly scheduled when the scheduler starts
INFO:apscheduler.scheduler:Adding job tentatively -- it will be properly scheduled when the scheduler starts
2023-06-18 23:33:43,070 - INFO - Adding job tentatively -- it will be properly scheduled when the scheduler starts
INFO:apscheduler.scheduler:Added job "send_game_question" to job store "default"
2023-06-18 23:33:43,070 - INFO - Added job "send_game_question" to job store "default"
INFO:apscheduler.scheduler:Added job "send_coffee_pairs" to job store "default"
2023-06-18 23:33:43,070 - INFO - Added job "send_coffee_pairs" to job store "default"
INFO:apscheduler.scheduler:Added job "send_coffee_pairs" to job store "default"
2023-06-18 23:33:43,070 - INFO - Added job "send_coffee_pairs" to job store "default"
INFO:apscheduler.scheduler:Added job "send_survey" to job store "default"
2023-06-18 23:33:43,070 - INFO - Added job "send_survey" to job store "default"
INFO:apscheduler.scheduler:Scheduler started
2023-06-18 23:33:43,070 - INFO - Scheduler started
INFO:aiogram:Bot: Random Coffee (Syssoft) [@syssoft_random_coffee_bot]
2023-06-18 23:33:43,274 - INFO - Bot: Random Coffee (Syssoft) [@syssoft_random_coffee_bot]
WARNING:aiogram:Updates were skipped successfully.
2023-06-18 23:33:43,414 - WARNING - Updates were skipped successfully.
INFO:aiogram.dispatcher.dispatcher:Start polling.
2023-06-18 23:33:43,414 - INFO - Start polling.
